c:\users\andrea\source\repos\digger_game\digger_game\debug\digger_game.pch
c:\users\andrea\source\repos\digger_game\digger_game\debug\vc141.pdb
c:\users\andrea\source\repos\digger_game\digger_game\debug\vc141.idb
c:\users\andrea\source\repos\digger_game\digger_game\debug\stdafx.obj
c:\users\andrea\source\repos\digger_game\digger_game\debug\armor.obj
c:\users\andrea\source\repos\digger_game\digger_game\debug\boots.obj
c:\users\andrea\source\repos\digger_game\digger_game\debug\cuirass.obj
c:\users\andrea\source\repos\digger_game\digger_game\debug\helmet.obj
c:\users\andrea\source\repos\digger_game\digger_game\debug\pants.obj
c:\users\andrea\source\repos\digger_game\digger_game\debug\shield.obj
c:\users\andrea\source\repos\digger_game\digger_game\debug\gloves.obj
c:\users\andrea\source\repos\digger_game\debug\digger_game.ilk
c:\users\andrea\source\repos\digger_game\debug\digger_game.exe
c:\users\andrea\source\repos\digger_game\debug\digger_game.pdb
c:\users\andrea\source\repos\digger_game\digger_game\debug\digger_game.tlog\cl.command.1.tlog
c:\users\andrea\source\repos\digger_game\digger_game\debug\digger_game.tlog\cl.read.1.tlog
c:\users\andrea\source\repos\digger_game\digger_game\debug\digger_game.tlog\cl.write.1.tlog
c:\users\andrea\source\repos\digger_game\digger_game\debug\digger_game.tlog\link.command.1.tlog
c:\users\andrea\source\repos\digger_game\digger_game\debug\digger_game.tlog\link.read.1.tlog
c:\users\andrea\source\repos\digger_game\digger_game\debug\digger_game.tlog\link.write.1.tlog
